Broadcast Receivers/BcastRecStickyInt/app/build/intermediates/manifest_merge_blame_file/debug/manifest-merger-blame-debug-report.txt
1<?xml version="1.0" encoding="utf-8"?>
2<manifest xmlns:android="http://schemas.android.com/apk/res/android"
3    package="course.examples.broadcastreceiver.stickyintent"
4    android:versionCode="1"
5    android:versionName="1.0" >
6
7    <uses-sdk
8        android:minSdkVersion="14"
8-->src\main\AndroidManifest.xml
9        android:targetSdkVersion="28" />
9-->src\main\AndroidManifest.xml
10
11    <uses-permission android:name="android.permission.VIBRATE" >
11-->src\main\AndroidManifest.xml:7:5-8:23
11-->src\main\AndroidManifest.xml:7:22-63
12    </uses-permission>
13
14    <application
14-->src\main\AndroidManifest.xml:10:5-21:19
15        android:allowBackup="false"
15-->src\main\AndroidManifest.xml:11:9-36
16        android:debuggable="true"
17        android:icon="@drawable/ic_launcher"
17-->src\main\AndroidManifest.xml:12:9-45
18        android:label="@string/app_name"
18-->src\main\AndroidManifest.xml:13:9-41
19        android:testOnly="true" >
20        <activity android:name="course.examples.broadcastreceiver.stickyintent.StickyIntentBroadcastReceiverActivity" >
20-->src\main\AndroidManifest.xml:14:9-20:20
20-->src\main\AndroidManifest.xml:14:19-118
21            <intent-filter>
21-->src\main\AndroidManifest.xml:15:13-19:29
22                <action android:name="android.intent.action.MAIN" />
22-->src\main\AndroidManifest.xml:16:17-69
22-->src\main\AndroidManifest.xml:16:25-66
23
24                <category android:name="android.intent.category.LAUNCHER" />
24-->src\main\AndroidManifest.xml:18:17-77
24-->src\main\AndroidManifest.xml:18:27-74
25            </intent-filter>
26        </activity>
27    </application>
28
29</manifest>